(1110, 21308286)
(1110, 21308286)
(1110, 370882)
           ID                       Filename
0     HG00096  HG00096.haplotypeCalls.er.raw
1     HG00097  HG00097.haplotypeCalls.er.raw
2     HG00099  HG00099.haplotypeCalls.er.raw
3     HG00100  HG00100.haplotypeCalls.er.raw
4     HG00101  HG00101.haplotypeCalls.er.raw
5     HG00102  HG00102.haplotypeCalls.er.raw
6     HG00103  HG00103.haplotypeCalls.er.raw
7     HG00105  HG00105.haplotypeCalls.er.raw
8     HG00106  HG00106.haplotypeCalls.er.raw
9     HG00107  HG00107.haplotypeCalls.er.raw
10    HG00108  HG00108.haplotypeCalls.er.raw
11    HG00109  HG00109.haplotypeCalls.er.raw
12    HG00110  HG00110.haplotypeCalls.er.raw
13    HG00111  HG00111.haplotypeCalls.er.raw
14    HG00112  HG00112.haplotypeCalls.er.raw
15    HG00113  HG00113.haplotypeCalls.er.raw
16    HG00114  HG00114.haplotypeCalls.er.raw
17    HG00115  HG00115.haplotypeCalls.er.raw
18    HG00116  HG00116.haplotypeCalls.er.raw
19    HG00117  HG00117.haplotypeCalls.er.raw
20    HG00118  HG00118.haplotypeCalls.er.raw
21    HG00119  HG00119.haplotypeCalls.er.raw
22    HG00120  HG00120.haplotypeCalls.er.raw
23    HG00121  HG00121.haplotypeCalls.er.raw
24    HG00122  HG00122.haplotypeCalls.er.raw
25    HG00123  HG00123.haplotypeCalls.er.raw
26    HG00125  HG00125.haplotypeCalls.er.raw
27    HG00126  HG00126.haplotypeCalls.er.raw
28    HG00127  HG00127.haplotypeCalls.er.raw
29    HG00128  HG00128.haplotypeCalls.er.raw
...       ...                            ...
1080  NA21107  NA21107.haplotypeCalls.er.raw
1081  NA21108  NA21108.haplotypeCalls.er.raw
1082  NA21109  NA21109.haplotypeCalls.er.raw
1083  NA21110  NA21110.haplotypeCalls.er.raw
1084  NA21111  NA21111.haplotypeCalls.er.raw
1085  NA21112  NA21112.haplotypeCalls.er.raw
1086  NA21113  NA21113.haplotypeCalls.er.raw
1087  NA21114  NA21114.haplotypeCalls.er.raw
1088  NA21115  NA21115.haplotypeCalls.er.raw
1089  NA21116  NA21116.haplotypeCalls.er.raw
1090  NA21117  NA21117.haplotypeCalls.er.raw
1091  NA21118  NA21118.haplotypeCalls.er.raw
1092  NA21119  NA21119.haplotypeCalls.er.raw
1093  NA21120  NA21120.haplotypeCalls.er.raw
1094  NA21122  NA21122.haplotypeCalls.er.raw
1095  NA21123  NA21123.haplotypeCalls.er.raw
1096  NA21124  NA21124.haplotypeCalls.er.raw
1097  NA21125  NA21125.haplotypeCalls.er.raw
1098  NA21126  NA21126.haplotypeCalls.er.raw
1099  NA21127  NA21127.haplotypeCalls.er.raw
1100  NA21128  NA21128.haplotypeCalls.er.raw
1101  NA21129  NA21129.haplotypeCalls.er.raw
1102  NA21130  NA21130.haplotypeCalls.er.raw
1103  NA21133  NA21133.haplotypeCalls.er.raw
1104  NA21135  NA21135.haplotypeCalls.er.raw
1105  NA21137  NA21137.haplotypeCalls.er.raw
1106  NA21141  NA21141.haplotypeCalls.er.raw
1107  NA21142  NA21142.haplotypeCalls.er.raw
1108  NA21143  NA21143.haplotypeCalls.er.raw
1109  NA21144  NA21144.haplotypeCalls.er.raw

[1110 rows x 2 columns]
                  ID Region DataSource
0            HG00171    FIN         1K
1            HG00176    FIN         1K
2            HG00183    FIN         1K
3            HG00188    FIN         1K
4            HG00190    FIN         1K
5            HG00234    GBR         1K
6            HG00239    GBR         1K
7            HG00121    GBR         1K
8            HG00126    GBR         1K
9            HG00133    GBR         1K
10           HG00138    GBR         1K
11           HG00102    GBR         1K
12           HG00107    GBR         1K
13           HG00114    GBR         1K
14           HG00119    GBR         1K
15           HG00246    GBR         1K
16           HG00253    GBR         1K
17           HG00258    GBR         1K
18           HG00260    GBR         1K
19           HG00140    GBR         1K
20           HG00145    GBR         1K
21           HG00152    GBR         1K
22           HG00157    GBR         1K
23           HG00099    GBR         1K
24           HG00479    CHS         1K
25           HG00501    CHS         1K
26           HG00513    CHS         1K
27           HG00178    FIN         1K
28           HG00525    CHS         1K
29           HG00180    FIN         1K
...              ...    ...        ...
4943       HGDP00737    NaN         1K
4944       HGDP01191    NaN         1K
4945       HGDP00597    NaN         1K
4946        mixe0007    NaN         1K
4947          Tuba19    NaN         1K
4948         NA15763    NaN         1K
4949       HGDP00554    NaN         1K
4950              K1    NaN         1K
4951       HGDP00857    NaN         1K
4952       HGDP00775    NaN         1K
4953       HGDP01153    NaN         1K
4954       HGDP00713    NaN         1K
4955       HGDP00915    NaN         1K
4956       HGDP01312    NaN         1K
4957  tdj409_shugnan    NaN         1K
4958          abh107    NaN         1K
4959       HGDP01076    NaN         1K
4960       HGDP00991    NaN         1K
4961       HGDP01350    NaN         1K
4962           Esk29    NaN         1K
4963      Ayodo_430C    NaN         1K
4964       HGDP00725    NaN         1K
4965       HGDP00706    NaN         1K
4966           Ale14    NaN         1K
4967        mixa0099    NaN         1K
4968       HGDP01401    NaN         1K
4969       HGDP01095    NaN         1K
4970            Nlk1    NaN         1K
4971       HGDP00232    NaN         1K
4972    IraqiJew4291    NaN         1K

[4973 rows x 3 columns]
           ID                       Filename Region DataSource
0     HG00096  HG00096.haplotypeCalls.er.raw    GBR         1K
1     HG00097  HG00097.haplotypeCalls.er.raw    GBR         1K
2     HG00099  HG00099.haplotypeCalls.er.raw    GBR         1K
3     HG00100  HG00100.haplotypeCalls.er.raw    GBR         1K
4     HG00101  HG00101.haplotypeCalls.er.raw    GBR         1K
5     HG00102  HG00102.haplotypeCalls.er.raw    GBR         1K
6     HG00103  HG00103.haplotypeCalls.er.raw    GBR         1K
7     HG00105  HG00105.haplotypeCalls.er.raw    GBR         1K
8     HG00106  HG00106.haplotypeCalls.er.raw    GBR         1K
9     HG00107  HG00107.haplotypeCalls.er.raw    GBR         1K
10    HG00108  HG00108.haplotypeCalls.er.raw    GBR         1K
11    HG00109  HG00109.haplotypeCalls.er.raw    GBR         1K
12    HG00110  HG00110.haplotypeCalls.er.raw    GBR         1K
13    HG00111  HG00111.haplotypeCalls.er.raw    GBR         1K
14    HG00112  HG00112.haplotypeCalls.er.raw    GBR         1K
15    HG00113  HG00113.haplotypeCalls.er.raw    GBR         1K
16    HG00114  HG00114.haplotypeCalls.er.raw    GBR         1K
17    HG00115  HG00115.haplotypeCalls.er.raw    GBR         1K
18    HG00116  HG00116.haplotypeCalls.er.raw    GBR         1K
19    HG00117  HG00117.haplotypeCalls.er.raw    GBR         1K
20    HG00118  HG00118.haplotypeCalls.er.raw    GBR         1K
21    HG00119  HG00119.haplotypeCalls.er.raw    GBR         1K
22    HG00120  HG00120.haplotypeCalls.er.raw    GBR         1K
23    HG00121  HG00121.haplotypeCalls.er.raw    GBR         1K
24    HG00122  HG00122.haplotypeCalls.er.raw    GBR         1K
25    HG00123  HG00123.haplotypeCalls.er.raw    GBR         1K
26    HG00125  HG00125.haplotypeCalls.er.raw    GBR         1K
27    HG00126  HG00126.haplotypeCalls.er.raw    GBR         1K
28    HG00127  HG00127.haplotypeCalls.er.raw    GBR         1K
29    HG00128  HG00128.haplotypeCalls.er.raw    GBR         1K
...       ...                            ...    ...        ...
1080  NA21107  NA21107.haplotypeCalls.er.raw    GIH         1K
1081  NA21108  NA21108.haplotypeCalls.er.raw    GIH         1K
1082  NA21109  NA21109.haplotypeCalls.er.raw    GIH         1K
1083  NA21110  NA21110.haplotypeCalls.er.raw    GIH         1K
1084  NA21111  NA21111.haplotypeCalls.er.raw    GIH         1K
1085  NA21112  NA21112.haplotypeCalls.er.raw    GIH         1K
1086  NA21113  NA21113.haplotypeCalls.er.raw    GIH         1K
1087  NA21114  NA21114.haplotypeCalls.er.raw    GIH         1K
1088  NA21115  NA21115.haplotypeCalls.er.raw    GIH         1K
1089  NA21116  NA21116.haplotypeCalls.er.raw    GIH         1K
1090  NA21117  NA21117.haplotypeCalls.er.raw    GIH         1K
1091  NA21118  NA21118.haplotypeCalls.er.raw    GIH         1K
1092  NA21119  NA21119.haplotypeCalls.er.raw    GIH         1K
1093  NA21120  NA21120.haplotypeCalls.er.raw    GIH         1K
1094  NA21122  NA21122.haplotypeCalls.er.raw    GIH         1K
1095  NA21123  NA21123.haplotypeCalls.er.raw    GIH         1K
1096  NA21124  NA21124.haplotypeCalls.er.raw    GIH         1K
1097  NA21125  NA21125.haplotypeCalls.er.raw    GIH         1K
1098  NA21126  NA21126.haplotypeCalls.er.raw    GIH         1K
1099  NA21127  NA21127.haplotypeCalls.er.raw    GIH         1K
1100  NA21128  NA21128.haplotypeCalls.er.raw    GIH         1K
1101  NA21129  NA21129.haplotypeCalls.er.raw    GIH         1K
1102  NA21130  NA21130.haplotypeCalls.er.raw    GIH         1K
1103  NA21133  NA21133.haplotypeCalls.er.raw    GIH         1K
1104  NA21135  NA21135.haplotypeCalls.er.raw    GIH         1K
1105  NA21137  NA21137.haplotypeCalls.er.raw    GIH         1K
1106  NA21141  NA21141.haplotypeCalls.er.raw    GIH         1K
1107  NA21142  NA21142.haplotypeCalls.er.raw    GIH         1K
1108  NA21143  NA21143.haplotypeCalls.er.raw    GIH         1K
1109  NA21144  NA21144.haplotypeCalls.er.raw    GIH         1K

[1110 rows x 4 columns]
