===========Beginning work on hairred_chi2_no_augmentation_X.npz and hairred_chi2_no_augmentation_y.npy===========
            id  human_id                 date  \
107029  107030  hu826751  2015-08-12 15:21:10   
107038  107039  huDDCF88  2015-08-12 15:51:01   
107047  107048  hu3DC5EA  2015-08-12 15:55:41   
107059  107060  hu008567  2015-08-12 18:14:48   
107072  107073  hu98FFC6  2015-08-13 02:27:07   
107085  107086  hu0D1FA1  2015-08-13 10:24:40   
107096  107097  hu7604D9  2015-08-13 16:18:50   
107107  107108  huCF446F  2015-08-13 18:27:31   
107116  107117  hu6E5DF0  2015-08-13 21:10:12   
107127  107128  hu05CA34  2015-08-14 15:32:53   
107138  107139  hu9F7183  2015-08-14 16:05:50   
107150  107151  hu0FB755  2015-08-15 02:37:33   
107164  107165  hu0FB755  2015-08-15 02:44:25   
107179  107180  hu5DA1EE  2015-08-15 20:43:35   
107192  107193  huE7F5FC  2015-08-17 14:54:58   
107201  107202  huAEADC0  2015-08-17 15:17:44   
107211  107212  hu775E9F  2015-08-17 17:46:41   
107223  107224  hu2D6140  2015-08-18 15:32:08   
107232  107233  hu4BF398  2015-08-18 15:39:08   
107245  107246  hu726FB4  2015-08-18 16:17:11   
107254  107255  hu2C1D94  2015-08-18 20:19:13   
107270  107271  huB1FD55  2015-08-19 12:36:58   
107283  107284  hu816A0B  2015-08-20 06:11:58   
107300  107301  huA60DA9  2015-08-20 12:27:13   
107334  107335  huB10361  2015-08-21 16:54:18   
107344  107345  huA08B2B  2015-08-21 21:07:03   
107354  107355  hu101457  2015-08-22 22:29:13   
107364  107365  hu60180F  2015-08-22 22:35:04   
107375  107376  huDE435D  2015-08-23 10:16:46   
107388  107389  huA05317  2015-08-23 13:04:15   
...        ...       ...                  ...   
119906  119907  huCBC528  2018-01-01 16:07:01   
119919  119920  hu8C439D  2018-01-03 14:22:42   
119930  119931  hu70586E  2018-01-05 00:18:21   
119940  119941  hu3BDC4B  2018-01-15 10:26:42   
119950  119951  hu13E172  2018-01-16 14:56:22   
119959  119960  hu49561A  2018-01-19 22:04:05   
119974  119975  hu21D283  2018-01-21 11:45:47   
119987  119988  hu4BE89C  2018-01-22 16:27:16   
119997  119998  hu971175  2018-01-24 22:12:01   
120010  120011  huC8F2AA  2018-01-25 12:04:23   
120021  120022  hu3ABDC0  2018-01-25 20:24:08   
120034  120035  hu6B7AE9  2018-01-28 19:24:58   
120050  120051  hu64DBF7  2018-01-30 23:13:34   
120065  120066  huF7A4DE  2018-01-30 23:57:58   
120079  120080  hu85F3ED  2018-02-01 22:01:42   
120090  120091  hu4D8786  2018-02-03 09:14:40   
120100  120101  huB74692  2018-02-03 10:27:07   
120112  120113  huAFE2BB  2018-02-09 15:00:09   
120125  120126  huF14C16  2018-02-10 18:46:40   
120134  120135  hu3B4E60  2018-02-10 22:32:51   
120143  120144  hu3B4E60  2018-02-10 22:35:05   
120154  120155  hu6368DD  2018-02-11 06:44:08   
120166  120167  hu0491FD  2018-02-15 23:08:37   
120181  120182  hu5EA636  2018-02-22 13:15:17   
120193  120194  hu55931A  2018-02-26 21:39:04   
120205  120206  hu85C7B9  2018-03-03 16:28:47   
120215  120216  hu33515F  2018-03-06 03:07:28   
120226  120227  huCCD063  2018-03-06 09:14:11   
120240  120241  huFBBA79  2018-03-06 21:24:22   
120253  120254  hu9B3EA3  2018-03-08 01:32:01   

                                       phenotype_category phenotype  
107029  Basic_Phenotypes:What is your natural hair col...     brown  
107038  Basic_Phenotypes:What is your natural hair col...    blonde  
107047  Basic_Phenotypes:What is your natural hair col...     brown  
107059  Basic_Phenotypes:What is your natural hair col...       red  
107072  Basic_Phenotypes:What is your natural hair col...     brown  
107085  Basic_Phenotypes:What is your natural hair col...     brown  
107096  Basic_Phenotypes:What is your natural hair col...     brown  
107107  Basic_Phenotypes:What is your natural hair col...     brown  
107116  Basic_Phenotypes:What is your natural hair col...     brown  
107127  Basic_Phenotypes:What is your natural hair col...     brown  
107138  Basic_Phenotypes:What is your natural hair col...      gray  
107150  Basic_Phenotypes:What is your natural hair col...     brown  
107164  Basic_Phenotypes:What is your natural hair col...     brown  
107179  Basic_Phenotypes:What is your natural hair col...     brown  
107192  Basic_Phenotypes:What is your natural hair col...     black  
107201  Basic_Phenotypes:What is your natural hair col...    blonde  
107211  Basic_Phenotypes:What is your natural hair col...     brown  
107223  Basic_Phenotypes:What is your natural hair col...    blonde  
107232  Basic_Phenotypes:What is your natural hair col...    blonde  
107245  Basic_Phenotypes:What is your natural hair col...    blonde  
107254  Basic_Phenotypes:What is your natural hair col...       red  
107270  Basic_Phenotypes:What is your natural hair col...     white  
107283  Basic_Phenotypes:What is your natural hair col...     brown  
107300  Basic_Phenotypes:What is your natural hair col...     brown  
107334  Basic_Phenotypes:What is your natural hair col...     brown  
107344  Basic_Phenotypes:What is your natural hair col...     brown  
107354  Basic_Phenotypes:What is your natural hair col...     brown  
107364  Basic_Phenotypes:What is your natural hair col...      gray  
107375  Basic_Phenotypes:What is your natural hair col...     brown  
107388  Basic_Phenotypes:What is your natural hair col...     brown  
...                                                   ...       ...  
119906  Basic_Phenotypes:What is your natural hair col...     white  
119919  Basic_Phenotypes:What is your natural hair col...     brown  
119930  Basic_Phenotypes:What is your natural hair col...     brown  
119940  Basic_Phenotypes:What is your natural hair col...     brown  
119950  Basic_Phenotypes:What is your natural hair col...     brown  
119959  Basic_Phenotypes:What is your natural hair col...     brown  
119974  Basic_Phenotypes:What is your natural hair col...     brown  
119987  Basic_Phenotypes:What is your natural hair col...    blonde  
119997  Basic_Phenotypes:What is your natural hair col...    blonde  
120010  Basic_Phenotypes:What is your natural hair col...      gray  
120021  Basic_Phenotypes:What is your natural hair col...     brown  
120034  Basic_Phenotypes:What is your natural hair col...     brown  
120050  Basic_Phenotypes:What is your natural hair col...      gray  
120065  Basic_Phenotypes:What is your natural hair col...    blonde  
120079  Basic_Phenotypes:What is your natural hair col...      gray  
120090  Basic_Phenotypes:What is your natural hair col...     brown  
120100  Basic_Phenotypes:What is your natural hair col...     white  
120112  Basic_Phenotypes:What is your natural hair col...    blonde  
120125  Basic_Phenotypes:What is your natural hair col...    blonde  
120134  Basic_Phenotypes:What is your natural hair col...      gray  
120143  Basic_Phenotypes:What is your natural hair col...      gray  
120154  Basic_Phenotypes:What is your natural hair col...     brown  
120166  Basic_Phenotypes:What is your natural hair col...     brown  
120181  Basic_Phenotypes:What is your natural hair col...    blonde  
120193  Basic_Phenotypes:What is your natural hair col...     brown  
120205  Basic_Phenotypes:What is your natural hair col...      gray  
120215  Basic_Phenotypes:What is your natural hair col...     brown  
120226  Basic_Phenotypes:What is your natural hair col...      gray  
120240  Basic_Phenotypes:What is your natural hair col...       red  
120253  Basic_Phenotypes:What is your natural hair col...     brown  

[1057 rows x 5 columns]
            id  human_id                 date  \
107029  107030  hu826751  2015-08-12 15:21:10   
107038  107039  huDDCF88  2015-08-12 15:51:01   
107047  107048  hu3DC5EA  2015-08-12 15:55:41   
107059  107060  hu008567  2015-08-12 18:14:48   
107072  107073  hu98FFC6  2015-08-13 02:27:07   
107085  107086  hu0D1FA1  2015-08-13 10:24:40   
107096  107097  hu7604D9  2015-08-13 16:18:50   
107107  107108  huCF446F  2015-08-13 18:27:31   
107116  107117  hu6E5DF0  2015-08-13 21:10:12   
107127  107128  hu05CA34  2015-08-14 15:32:53   
107150  107151  hu0FB755  2015-08-15 02:37:33   
107164  107165  hu0FB755  2015-08-15 02:44:25   
107179  107180  hu5DA1EE  2015-08-15 20:43:35   
107192  107193  huE7F5FC  2015-08-17 14:54:58   
107201  107202  huAEADC0  2015-08-17 15:17:44   
107211  107212  hu775E9F  2015-08-17 17:46:41   
107223  107224  hu2D6140  2015-08-18 15:32:08   
107232  107233  hu4BF398  2015-08-18 15:39:08   
107245  107246  hu726FB4  2015-08-18 16:17:11   
107254  107255  hu2C1D94  2015-08-18 20:19:13   
107283  107284  hu816A0B  2015-08-20 06:11:58   
107300  107301  huA60DA9  2015-08-20 12:27:13   
107334  107335  huB10361  2015-08-21 16:54:18   
107344  107345  huA08B2B  2015-08-21 21:07:03   
107354  107355  hu101457  2015-08-22 22:29:13   
107375  107376  huDE435D  2015-08-23 10:16:46   
107388  107389  huA05317  2015-08-23 13:04:15   
107401  107402  huBD6B35  2015-08-23 18:21:53   
107412  107413  hu38BF09  2015-08-23 23:28:07   
107440  107441  hu5BB600  2015-08-25 00:20:06   
...        ...       ...                  ...   
119807  119808  hu566097  2017-12-09 17:21:03   
119818  119819  hu566097  2017-12-09 17:40:17   
119829  119830  hu04D748  2017-12-15 10:19:36   
119840  119841  hu2C4FD9  2017-12-15 20:53:30   
119850  119851  hu36A1E8  2017-12-16 00:56:25   
119860  119861  hu17DFDB  2017-12-16 20:47:31   
119870  119871  hu657461  2017-12-19 21:43:57   
119882  119883  hu7A99A5  2017-12-26 17:16:28   
119893  119894  huDA7033  2017-12-30 17:25:28   
119919  119920  hu8C439D  2018-01-03 14:22:42   
119930  119931  hu70586E  2018-01-05 00:18:21   
119940  119941  hu3BDC4B  2018-01-15 10:26:42   
119950  119951  hu13E172  2018-01-16 14:56:22   
119959  119960  hu49561A  2018-01-19 22:04:05   
119974  119975  hu21D283  2018-01-21 11:45:47   
119987  119988  hu4BE89C  2018-01-22 16:27:16   
119997  119998  hu971175  2018-01-24 22:12:01   
120021  120022  hu3ABDC0  2018-01-25 20:24:08   
120034  120035  hu6B7AE9  2018-01-28 19:24:58   
120065  120066  huF7A4DE  2018-01-30 23:57:58   
120090  120091  hu4D8786  2018-02-03 09:14:40   
120112  120113  huAFE2BB  2018-02-09 15:00:09   
120125  120126  huF14C16  2018-02-10 18:46:40   
120154  120155  hu6368DD  2018-02-11 06:44:08   
120166  120167  hu0491FD  2018-02-15 23:08:37   
120181  120182  hu5EA636  2018-02-22 13:15:17   
120193  120194  hu55931A  2018-02-26 21:39:04   
120215  120216  hu33515F  2018-03-06 03:07:28   
120240  120241  huFBBA79  2018-03-06 21:24:22   
120253  120254  hu9B3EA3  2018-03-08 01:32:01   

                                       phenotype_category phenotype  Acne  
107029  Basic_Phenotypes:What is your natural hair col...     brown     0  
107038  Basic_Phenotypes:What is your natural hair col...    blonde     0  
107047  Basic_Phenotypes:What is your natural hair col...     brown     0  
107059  Basic_Phenotypes:What is your natural hair col...       red     1  
107072  Basic_Phenotypes:What is your natural hair col...     brown     0  
107085  Basic_Phenotypes:What is your natural hair col...     brown     0  
107096  Basic_Phenotypes:What is your natural hair col...     brown     0  
107107  Basic_Phenotypes:What is your natural hair col...     brown     0  
107116  Basic_Phenotypes:What is your natural hair col...     brown     0  
107127  Basic_Phenotypes:What is your natural hair col...     brown     0  
107150  Basic_Phenotypes:What is your natural hair col...     brown     0  
107164  Basic_Phenotypes:What is your natural hair col...     brown     0  
107179  Basic_Phenotypes:What is your natural hair col...     brown     0  
107192  Basic_Phenotypes:What is your natural hair col...     black     0  
107201  Basic_Phenotypes:What is your natural hair col...    blonde     0  
107211  Basic_Phenotypes:What is your natural hair col...     brown     0  
107223  Basic_Phenotypes:What is your natural hair col...    blonde     0  
107232  Basic_Phenotypes:What is your natural hair col...    blonde     0  
107245  Basic_Phenotypes:What is your natural hair col...    blonde     0  
107254  Basic_Phenotypes:What is your natural hair col...       red     1  
107283  Basic_Phenotypes:What is your natural hair col...     brown     0  
107300  Basic_Phenotypes:What is your natural hair col...     brown     0  
107334  Basic_Phenotypes:What is your natural hair col...     brown     0  
107344  Basic_Phenotypes:What is your natural hair col...     brown     0  
107354  Basic_Phenotypes:What is your natural hair col...     brown     0  
107375  Basic_Phenotypes:What is your natural hair col...     brown     0  
107388  Basic_Phenotypes:What is your natural hair col...     brown     0  
107401  Basic_Phenotypes:What is your natural hair col...     brown     0  
107412  Basic_Phenotypes:What is your natural hair col...    blonde     0  
107440  Basic_Phenotypes:What is your natural hair col...     brown     0  
...                                                   ...       ...   ...  
119807  Basic_Phenotypes:What is your natural hair col...    blonde     0  
119818  Basic_Phenotypes:What is your natural hair col...    blonde     0  
119829  Basic_Phenotypes:What is your natural hair col...     brown     0  
119840  Basic_Phenotypes:What is your natural hair col...     brown     0  
119850  Basic_Phenotypes:What is your natural hair col...     brown     0  
119860  Basic_Phenotypes:What is your natural hair col...     brown     0  
119870  Basic_Phenotypes:What is your natural hair col...     brown     0  
119882  Basic_Phenotypes:What is your natural hair col...     brown     0  
119893  Basic_Phenotypes:What is your natural hair col...    blonde     0  
119919  Basic_Phenotypes:What is your natural hair col...     brown     0  
119930  Basic_Phenotypes:What is your natural hair col...     brown     0  
119940  Basic_Phenotypes:What is your natural hair col...     brown     0  
119950  Basic_Phenotypes:What is your natural hair col...     brown     0  
119959  Basic_Phenotypes:What is your natural hair col...     brown     0  
119974  Basic_Phenotypes:What is your natural hair col...     brown     0  
119987  Basic_Phenotypes:What is your natural hair col...    blonde     0  
119997  Basic_Phenotypes:What is your natural hair col...    blonde     0  
120021  Basic_Phenotypes:What is your natural hair col...     brown     0  
120034  Basic_Phenotypes:What is your natural hair col...     brown     0  
120065  Basic_Phenotypes:What is your natural hair col...    blonde     0  
120090  Basic_Phenotypes:What is your natural hair col...     brown     0  
120112  Basic_Phenotypes:What is your natural hair col...    blonde     0  
120125  Basic_Phenotypes:What is your natural hair col...    blonde     0  
120154  Basic_Phenotypes:What is your natural hair col...     brown     0  
120166  Basic_Phenotypes:What is your natural hair col...     brown     0  
120181  Basic_Phenotypes:What is your natural hair col...    blonde     0  
120193  Basic_Phenotypes:What is your natural hair col...     brown     0  
120215  Basic_Phenotypes:What is your natural hair col...     brown     0  
120240  Basic_Phenotypes:What is your natural hair col...       red     1  
120253  Basic_Phenotypes:What is your natural hair col...     brown     0  

[910 rows x 6 columns]
     Acne  human_id
0       0  hu005023
1       0  hu005EB9
2       1  hu008567
3       0  hu00D419
4       0  hu00F298
5       0  hu014EFA
6       0  hu016B28
7       0  hu01FB26
8       0  hu01FCAD
9       0  hu020262
10      0  hu0211D6
11      0  hu022DC1
12      0  hu024B5D
13      0  hu0257DA
14      0  hu029DBB
15      0  hu02C8E3
16      0  hu033AF6
17      0  hu034DB1
18      0  hu037E20
19      0  hu040C0A
20      0  hu04260F
21      0  hu0488C7
22      0  hu0491FD
23      0  hu04D550
24      0  hu04D748
25      0  hu05AE3F
26      0  hu05CA34
27      0  hu05E665
28      0  hu05FD49
29      0  hu065B67
..    ...       ...
834     0  huF5E0B6
835     0  huF5F075
836     0  huF629AC
837     0  huF6B050
838     0  huF6B0B1
839     0  huF6E783
840     0  huF6EAE7
841     0  huF7A4DE
842     0  huF7B0CD
843     0  huF7E042
844     0  huF80F84
845     0  huF84457
846     0  huF85C6E
847     0  huF85C76
848     0  huF8AE42
849     0  huF91B66
850     0  huF99A55
851     0  huF9F779
852     0  huFA8485
853     0  huFB42F7
854     1  huFBBA79
855     0  huFBFF8B
856     0  huFD37C8
857     0  huFD4AD3
858     0  huFE1782
859     1  huFE71F3
860     0  huFE9B3F
861     0  huFE9B93
862     0  huFF2969
863     0  huFF6AB4

[864 rows x 2 columns]
Loading in Tile Data
      Sample  Number  Acne  human_id
0   hu016b28       1     0  hu016b28
1   hu0211d6       3     0  hu0211d6
2   hu034db1       6     0  hu034db1
3   hu034db1       7     0  hu034db1
4   hu040c0a       9     0  hu040c0a
5   hu05fd49      15     0  hu05fd49
6   hu0d1fa1      20     0  hu0d1fa1
7   hu0e64a1      23     0  hu0e64a1
8   hu0e7aaf      24     0  hu0e7aaf
9   hu1187ff      25     0  hu1187ff
10  hu24c863      35     0  hu24c863
11  hu26b551      37     0  hu26b551
12  hu2c1d94      41     1  hu2c1d94
13  hu2d6140      42     0  hu2d6140
14  hu2dbf2d      43     0  hu2dbf2d
15  hu2fec01      44     0  hu2fec01
16  hu3c0611      53     0  hu3c0611
17  hu3cab43      54     0  hu3cab43
18  hu3dc5ea      55     0  hu3dc5ea
19  hu4040b8      57     0  hu4040b8
20  hu470099      65     0  hu470099
21  hu48c4eb      67     0  hu48c4eb
22  hu49f623      68     0  hu49f623
23  hu4be6f2      70     0  hu4be6f2
24  hu4bf398      71     0  hu4bf398
25  hu4ca5b9      72     0  hu4ca5b9
26  hu4fe0d1      73     0  hu4fe0d1
27  hu52b7e5      74     1  hu52b7e5
28  hu5962f5      80     0  hu5962f5
29  hu5e55f5      84     0  hu5e55f5
..       ...     ...   ...       ...
37  hu8e2a35     130     0  hu8e2a35
38  hu955ee1     139     0  hu955ee1
39  hu9e6329     140     0  hu9e6329
40  hua05317     142     0  hua05317
41  hua49e22     145     0  hua49e22
42  hua4e2cf     146     0  hua4e2cf
43  huaa245c     149     0  huaa245c
44  huaeadc0     153     0  huaeadc0
45  huafa81c     155     0  huafa81c
46  hub4940e     159     0  hub4940e
47  huc14ae1     167     0  huc14ae1
48  huc434ed     171     0  huc434ed
49  huc5733c     172     0  huc5733c
50  huc92bc9     173     0  huc92bc9
51  hucbdc6d     177     0  hucbdc6d
52  hud09534     180     0  hud09534
53  hud649f1     187     0  hud649f1
54  hud81f3d     188     0  hud81f3d
55  hudbd591     190     0  hudbd591
56  hudbf9dd     191     0  hudbf9dd
57  hude435d     192     0  hude435d
58  hue9b698     197     0  hue9b698
59  huec6eec     200     0  huec6eec
60  hued0f40     201     0  hued0f40
61  huedf7da     203     0  huedf7da
62  huf160aa     204     0  huf160aa
63  huf1dc30     205     0  huf1dc30
64  huf5e0b6     208     0  huf5e0b6
65  huf80f84     209     0  huf80f84
66  hufe71f3     214     1  hufe71f3

[67 rows x 4 columns]
Beginning to one-hot encode data
Using chi2 filter
Using chi2 filter
Using chi2 filter
Using chi2 filter
Using chi2 filter
Using chi2 filter
Using chi2 filter
(67, 426825)
(67,)
(426825,)
(426825,)
(426825,)
Just created datasets for hairred_chi2_no_augmentation_X.npz and hairred_chi2_no_augmentation_y.npy

